<?xml version="1.0" encoding="UTF-8"?>
<coverage generated="1780948545100" clover="3.2.0">
  <project timestamp="1780948545100" name="All files">
    <metrics statements="100" coveredstatements="81" conditionals="126" coveredconditionals="76" methods="32" coveredmethods="30" elements="258" coveredelements="187" complexity="0" loc="100" ncloc="100" packages="6" files="9" classes="9"/>
    <package name="components.Modal">
      <metrics statements="19" coveredstatements="19" conditionals="10" coveredconditionals="8" methods="6" coveredmethods="6"/>
      <file name="Modal.css" path="D:\Projects\1-RS-school\React\react-class-components\src\components\Modal\Modal.css">
        <metrics statements="0" coveredstatements="0" conditionals="0" coveredconditionals="0" methods="0" coveredmethods="0"/>
      </file>
      <file name="Modal.tsx" path="D:\Projects\1-RS-school\React\react-class-components\src\components\Modal\Modal.tsx">
        <metrics statements="19" coveredstatements="19" conditionals="10" coveredconditionals="8" methods="6" coveredmethods="6"/>
        <line num="11" count="1" type="stmt"/>
        <line num="12" count="4" type="stmt"/>
        <line num="13" count="4" type="stmt"/>
        <line num="14" count="4" type="cond" truecount="2" falsecount="0"/>
        <line num="15" count="1" type="stmt"/>
        <line num="17" count="3" type="stmt"/>
        <line num="18" count="1" type="cond" truecount="1" falsecount="1"/>
        <line num="19" count="1" type="stmt"/>
        <line num="22" count="3" type="stmt"/>
        <line num="23" count="3" type="stmt"/>
        <line num="24" count="3" type="stmt"/>
        <line num="28" count="4" type="stmt"/>
        <line num="29" count="4" type="cond" truecount="2" falsecount="0"/>
        <line num="30" count="3" type="stmt"/>
        <line num="34" count="4" type="cond" truecount="2" falsecount="0"/>
        <line num="35" count="1" type="stmt"/>
        <line num="38" count="3" type="stmt"/>
        <line num="42" count="1" type="cond" truecount="1" falsecount="1"/>
        <line num="43" count="1" type="stmt"/>
      </file>
    </package>
    <package name="constants">
      <metrics statements="1" coveredstatements="1" conditionals="0" coveredconditionals="0" methods="0" coveredmethods="0"/>
      <file name="countries.ts" path="D:\Projects\1-RS-school\React\react-class-components\src\constants\countries.ts">
        <metrics statements="1" coveredstatements="1" conditionals="0" coveredconditionals="0" methods="0" coveredmethods="0"/>
        <line num="1" count="4" type="stmt"/>
      </file>
    </package>
    <package name="forms">
      <metrics statements="51" coveredstatements="33" conditionals="104" coveredconditionals="57" methods="11" coveredmethods="9"/>
      <file name="ReactHookForm.tsx" path="D:\Projects\1-RS-school\React\react-class-components\src\forms\ReactHookForm.tsx">
        <metrics statements="16" coveredstatements="15" conditionals="44" coveredconditionals="37" methods="5" coveredmethods="5"/>
        <line num="13" count="1" type="stmt"/>
        <line num="19" count="30" type="stmt"/>
        <line num="25" count="30" type="cond" truecount="2" falsecount="0"/>
        <line num="26" count="30" type="stmt"/>
        <line num="28" count="91" type="stmt"/>
        <line num="29" count="91" type="stmt"/>
        <line num="31" count="30" type="stmt"/>
        <line num="32" count="1" type="stmt"/>
        <line num="33" count="1" type="cond" truecount="1" falsecount="1"/>
        <line num="34" count="0" type="stmt"/>
        <line num="36" count="1" type="stmt"/>
        <line num="37" count="1" type="stmt"/>
        <line num="47" count="1" type="stmt"/>
        <line num="48" count="1" type="stmt"/>
        <line num="51" count="30" type="stmt"/>
        <line num="123" count="180" type="stmt"/>
      </file>
      <file name="UncontrolledForm.tsx" path="D:\Projects\1-RS-school\React\react-class-components\src\forms\UncontrolledForm.tsx">
        <metrics statements="35" coveredstatements="18" conditionals="60" coveredconditionals="20" methods="6" coveredmethods="4"/>
        <line num="11" count="1" type="stmt"/>
        <line num="12" count="2" type="stmt"/>
        <line num="13" count="2" type="stmt"/>
        <line num="14" count="2" type="stmt"/>
        <line num="15" count="2" type="stmt"/>
        <line num="16" count="2" type="stmt"/>
        <line num="17" count="2" type="stmt"/>
        <line num="18" count="2" type="stmt"/>
        <line num="19" count="2" type="stmt"/>
        <line num="20" count="2" type="stmt"/>
        <line num="21" count="6" type="stmt"/>
        <line num="22" count="2" type="stmt"/>
        <line num="23" count="2" type="stmt"/>
        <line num="24" count="2" type="stmt"/>
        <line num="25" count="6" type="stmt"/>
        <line num="27" count="2" type="stmt"/>
        <line num="28" count="0" type="stmt"/>
        <line num="29" count="0" type="stmt"/>
        <line num="30" count="0" type="stmt"/>
        <line num="42" count="0" type="stmt"/>
        <line num="43" count="0" type="cond" truecount="0" falsecount="2"/>
        <line num="44" count="0" type="stmt"/>
        <line num="45" count="0" type="stmt"/>
        <line num="48" count="0" type="stmt"/>
        <line num="49" count="0" type="cond" truecount="0" falsecount="2"/>
        <line num="50" count="0" type="stmt"/>
        <line num="53" count="0" type="stmt"/>
        <line num="55" count="0" type="stmt"/>
        <line num="66" count="0" type="stmt"/>
        <line num="67" count="0" type="stmt"/>
        <line num="68" count="0" type="stmt"/>
        <line num="69" count="0" type="stmt"/>
        <line num="72" count="2" type="stmt"/>
        <line num="140" count="12" type="stmt"/>
        <line num="172" count="0" type="stmt"/>
      </file>
    </package>
    <package name="schemas">
      <metrics statements="18" coveredstatements="17" conditionals="12" coveredconditionals="11" methods="8" coveredmethods="8"/>
      <file name="formSchema.ts" path="D:\Projects\1-RS-school\React\react-class-components\src\schemas\formSchema.ts">
        <metrics statements="18" coveredstatements="17" conditionals="12" coveredconditionals="11" methods="8" coveredmethods="8"/>
        <line num="3" count="3" type="stmt"/>
        <line num="5" count="3" type="stmt"/>
        <line num="11" count="71" type="cond" truecount="2" falsecount="0"/>
        <line num="18" count="71" type="stmt"/>
        <line num="19" count="71" type="cond" truecount="2" falsecount="0"/>
        <line num="20" count="21" type="stmt"/>
        <line num="22" count="50" type="stmt"/>
        <line num="23" count="50" type="cond" truecount="1" falsecount="1"/>
        <line num="24" count="0" type="stmt"/>
        <line num="26" count="50" type="cond" truecount="2" falsecount="0"/>
        <line num="27" count="5" type="stmt"/>
        <line num="29" count="45" type="stmt"/>
        <line num="38" count="71" type="stmt"/>
        <line num="44" count="71" type="stmt"/>
        <line num="47" count="71" type="cond" truecount="2" falsecount="0"/>
        <line num="51" count="71" type="cond" truecount="2" falsecount="0"/>
        <line num="55" count="71" type="stmt"/>
        <line num="63" count="42" type="stmt"/>
      </file>
    </package>
    <package name="store">
      <metrics statements="2" coveredstatements="2" conditionals="0" coveredconditionals="0" methods="3" coveredmethods="3"/>
      <file name="formStore.ts" path="D:\Projects\1-RS-school\React\react-class-components\src\store\formStore.ts">
        <metrics statements="2" coveredstatements="2" conditionals="0" coveredconditionals="0" methods="3" coveredmethods="3"/>
        <line num="11" count="3" type="stmt"/>
        <line num="15" count="3" type="stmt"/>
      </file>
    </package>
    <package name="utils">
      <metrics statements="9" coveredstatements="9" conditionals="0" coveredconditionals="0" methods="4" coveredmethods="4"/>
      <file name="fileToBase64.ts" path="D:\Projects\1-RS-school\React\react-class-components\src\utils\fileToBase64.ts">
        <metrics statements="7" coveredstatements="7" conditionals="0" coveredconditionals="0" methods="3" coveredmethods="3"/>
        <line num="1" count="3" type="stmt"/>
        <line num="2" count="2" type="stmt"/>
        <line num="3" count="2" type="stmt"/>
        <line num="5" count="2" type="stmt"/>
        <line num="7" count="2" type="stmt"/>
        <line num="8" count="2" type="stmt"/>
        <line num="11" count="2" type="stmt"/>
      </file>
      <file name="passwordStrength.ts" path="D:\Projects\1-RS-school\React\react-class-components\src\utils\passwordStrength.ts">
        <metrics statements="2" coveredstatements="2" conditionals="0" coveredconditionals="0" methods="1" coveredmethods="1"/>
        <line num="1" count="3" type="stmt"/>
        <line num="2" count="35" type="stmt"/>
      </file>
    </package>
  </project>
</coverage>
