{"D:\\Projects\\1-RS-school\\React\\react-class-components\\src\\components\\Modal\\Modal.css": {"path":"D:\\Projects\\1-RS-school\\React\\react-class-components\\src\\components\\Modal\\Modal.css","statementMap":{},"fnMap":{},"branchMap":{},"s":{},"f":{},"b":{},"meta":{"lastBranch":0,"lastFunction":0,"lastStatement":0,"seen":{}}}
,"D:\\Projects\\1-RS-school\\React\\react-class-components\\src\\components\\Modal\\Modal.tsx": {"path":"D:\\Projects\\1-RS-school\\React\\react-class-components\\src\\components\\Modal\\Modal.tsx","statementMap":{"0":{"start":{"line":11,"column":13},"end":{"line":53,"column":null}},"1":{"start":{"line":12,"column":8},"end":{"line":12,"column":null}},"2":{"start":{"line":13,"column":2},"end":{"line":26,"column":null}},"3":{"start":{"line":14,"column":4},"end":{"line":16,"column":null}},"4":{"start":{"line":15,"column":6},"end":{"line":15,"column":null}},"5":{"start":{"line":17,"column":10},"end":{"line":21,"column":null}},"6":{"start":{"line":18,"column":6},"end":{"line":20,"column":null}},"7":{"start":{"line":19,"column":8},"end":{"line":19,"column":null}},"8":{"start":{"line":22,"column":4},"end":{"line":22,"column":null}},"9":{"start":{"line":23,"column":4},"end":{"line":25,"column":null}},"10":{"start":{"line":24,"column":6},"end":{"line":24,"column":null}},"11":{"start":{"line":28,"column":2},"end":{"line":32,"column":null}},"12":{"start":{"line":29,"column":4},"end":{"line":31,"column":null}},"13":{"start":{"line":30,"column":6},"end":{"line":30,"column":null}},"14":{"start":{"line":34,"column":2},"end":{"line":36,"column":null}},"15":{"start":{"line":35,"column":4},"end":{"line":35,"column":null}},"16":{"start":{"line":38,"column":2},"end":{"line":52,"column":null}},"17":{"start":{"line":42,"column":8},"end":{"line":44,"column":null}},"18":{"start":{"line":43,"column":10},"end":{"line":43,"column":null}}},"fnMap":{"0":{"name":"(anonymous_0)","decl":{"start":{"line":11,"column":13},"end":{"line":11,"column":22}},"loc":{"start":{"line":11,"column":68},"end":{"line":53,"column":null}},"line":11},"1":{"name":"(anonymous_1)","decl":{"start":{"line":13,"column":2},"end":{"line":13,"column":18}},"loc":{"start":{"line":13,"column":18},"end":{"line":26,"column":5}},"line":13},"2":{"name":"(anonymous_2)","decl":{"start":{"line":17,"column":10},"end":{"line":17,"column":27}},"loc":{"start":{"line":17,"column":52},"end":{"line":21,"column":null}},"line":17},"3":{"name":"(anonymous_3)","decl":{"start":{"line":23,"column":4},"end":{"line":23,"column":17}},"loc":{"start":{"line":23,"column":17},"end":{"line":25,"column":null}},"line":23},"4":{"name":"(anonymous_4)","decl":{"start":{"line":28,"column":2},"end":{"line":28,"column":18}},"loc":{"start":{"line":28,"column":18},"end":{"line":32,"column":5}},"line":28},"5":{"name":"(anonymous_5)","decl":{"start":{"line":41,"column":6},"end":{"line":41,"column":16}},"loc":{"start":{"line":41,"column":26},"end":{"line":45,"column":null}},"line":41}},"branchMap":{"0":{"loc":{"start":{"line":14,"column":4},"end":{"line":16,"column":null}},"type":"if","locations":[{"start":{"line":14,"column":4},"end":{"line":16,"column":null}},{"start":{},"end":{}}],"line":14},"1":{"loc":{"start":{"line":18,"column":6},"end":{"line":20,"column":null}},"type":"if","locations":[{"start":{"line":18,"column":6},"end":{"line":20,"column":null}},{"start":{},"end":{}}],"line":18},"2":{"loc":{"start":{"line":29,"column":4},"end":{"line":31,"column":null}},"type":"if","locations":[{"start":{"line":29,"column":4},"end":{"line":31,"column":null}},{"start":{},"end":{}}],"line":29},"3":{"loc":{"start":{"line":34,"column":2},"end":{"line":36,"column":null}},"type":"if","locations":[{"start":{"line":34,"column":2},"end":{"line":36,"column":null}},{"start":{},"end":{}}],"line":34},"4":{"loc":{"start":{"line":42,"column":8},"end":{"line":44,"column":null}},"type":"if","locations":[{"start":{"line":42,"column":8},"end":{"line":44,"column":null}},{"start":{},"end":{}}],"line":42}},"s":{"0":1,"1":4,"2":4,"3":4,"4":1,"5":3,"6":1,"7":1,"8":3,"9":3,"10":3,"11":4,"12":4,"13":3,"14":4,"15":1,"16":3,"17":1,"18":1},"f":{"0":4,"1":4,"2":1,"3":3,"4":4,"5":1},"b":{"0":[1,3],"1":[1,0],"2":[3,1],"3":[1,3],"4":[1,0]},"meta":{"lastBranch":5,"lastFunction":6,"lastStatement":19,"seen":{"s:11:13:53:Infinity":0,"f:11:13:11:22":0,"s:12:8:12:Infinity":1,"s:13:2:26:Infinity":2,"f:13:2:13:18":1,"b:14:4:16:Infinity:undefined:undefined:undefined:undefined":0,"s:14:4:16:Infinity":3,"s:15:6:15:Infinity":4,"s:17:10:21:Infinity":5,"f:17:10:17:27":2,"b:18:6:20:Infinity:undefined:undefined:undefined:undefined":1,"s:18:6:20:Infinity":6,"s:19:8:19:Infinity":7,"s:22:4:22:Infinity":8,"s:23:4:25:Infinity":9,"f:23:4:23:17":3,"s:24:6:24:Infinity":10,"s:28:2:32:Infinity":11,"f:28:2:28:18":4,"b:29:4:31:Infinity:undefined:undefined:undefined:undefined":2,"s:29:4:31:Infinity":12,"s:30:6:30:Infinity":13,"b:34:2:36:Infinity:undefined:undefined:undefined:undefined":3,"s:34:2:36:Infinity":14,"s:35:4:35:Infinity":15,"s:38:2:52:Infinity":16,"f:41:6:41:16":5,"b:42:8:44:Infinity:undefined:undefined:undefined:undefined":4,"s:42:8:44:Infinity":17,"s:43:10:43:Infinity":18}}}
,"D:\\Projects\\1-RS-school\\React\\react-class-components\\src\\constants\\countries.ts": {"path":"D:\\Projects\\1-RS-school\\React\\react-class-components\\src\\constants\\countries.ts","statementMap":{"0":{"start":{"line":1,"column":25},"end":{"line":8,"column":null}}},"fnMap":{},"branchMap":{},"s":{"0":4},"f":{},"b":{},"meta":{"lastBranch":0,"lastFunction":0,"lastStatement":1,"seen":{"s:1:25:8:Infinity":0}}}
,"D:\\Projects\\1-RS-school\\React\\react-class-components\\src\\forms\\ReactHookForm.tsx": {"path":"D:\\Projects\\1-RS-school\\React\\react-class-components\\src\\forms\\ReactHookForm.tsx","statementMap":{"0":{"start":{"line":13,"column":13},"end":{"line":204,"column":null}},"1":{"start":{"line":19,"column":25},"end":{"line":23,"column":null}},"2":{"start":{"line":25,"column":19},"end":{"line":25,"column":null}},"3":{"start":{"line":26,"column":8},"end":{"line":26,"column":null}},"4":{"start":{"line":28,"column":8},"end":{"line":28,"column":null}},"5":{"start":{"line":28,"column":48},"end":{"line":28,"column":67}},"6":{"start":{"line":29,"column":8},"end":{"line":29,"column":null}},"7":{"start":{"line":29,"column":44},"end":{"line":29,"column":59}},"8":{"start":{"line":31,"column":19},"end":{"line":49,"column":null}},"9":{"start":{"line":32,"column":17},"end":{"line":32,"column":null}},"10":{"start":{"line":33,"column":4},"end":{"line":35,"column":null}},"11":{"start":{"line":34,"column":6},"end":{"line":34,"column":null}},"12":{"start":{"line":36,"column":24},"end":{"line":36,"column":null}},"13":{"start":{"line":37,"column":4},"end":{"line":46,"column":null}},"14":{"start":{"line":47,"column":4},"end":{"line":47,"column":null}},"15":{"start":{"line":48,"column":4},"end":{"line":48,"column":null}},"16":{"start":{"line":51,"column":2},"end":{"line":202,"column":null}},"17":{"start":{"line":123,"column":14},"end":{"line":123,"column":null}}},"fnMap":{"0":{"name":"(anonymous_0)","decl":{"start":{"line":13,"column":13},"end":{"line":13,"column":30}},"loc":{"start":{"line":13,"column":68},"end":{"line":204,"column":null}},"line":13},"1":{"name":"(anonymous_1)","decl":{"start":{"line":28,"column":24},"end":{"line":28,"column":38}},"loc":{"start":{"line":28,"column":48},"end":{"line":28,"column":67}},"line":28},"2":{"name":"(anonymous_2)","decl":{"start":{"line":29,"column":20},"end":{"line":29,"column":34}},"loc":{"start":{"line":29,"column":44},"end":{"line":29,"column":59}},"line":29},"3":{"name":"(anonymous_3)","decl":{"start":{"line":31,"column":19},"end":{"line":31,"column":26}},"loc":{"start":{"line":31,"column":47},"end":{"line":49,"column":null}},"line":31},"4":{"name":"(anonymous_4)","decl":{"start":{"line":122,"column":23},"end":{"line":122,"column":28}},"loc":{"start":{"line":123,"column":14},"end":{"line":123,"column":null}},"line":123}},"branchMap":{"0":{"loc":{"start":{"line":25,"column":19},"end":{"line":25,"column":null}},"type":"binary-expr","locations":[{"start":{"line":25,"column":19},"end":{"line":25,"column":40}},{"start":{"line":25,"column":40},"end":{"line":25,"column":null}}],"line":25},"1":{"loc":{"start":{"line":33,"column":4},"end":{"line":35,"column":null}},"type":"if","locations":[{"start":{"line":33,"column":4},"end":{"line":35,"column":null}},{"start":{},"end":{}}],"line":33},"2":{"loc":{"start":{"line":59,"column":32},"end":{"line":59,"column":null}},"type":"cond-expr","locations":[{"start":{"line":59,"column":50},"end":{"line":59,"column":60}},{"start":{"line":59,"column":60},"end":{"line":59,"column":null}}],"line":59},"3":{"loc":{"start":{"line":63,"column":11},"end":{"line":64,"column":null}},"type":"binary-expr","locations":[{"start":{"line":63,"column":11},"end":{"line":63,"column":null}},{"start":{"line":64,"column":12},"end":{"line":64,"column":null}}],"line":63},"4":{"loc":{"start":{"line":72,"column":32},"end":{"line":72,"column":null}},"type":"cond-expr","locations":[{"start":{"line":72,"column":45},"end":{"line":72,"column":55}},{"start":{"line":72,"column":55},"end":{"line":72,"column":null}}],"line":72},"5":{"loc":{"start":{"line":78,"column":11},"end":{"line":79,"column":null}},"type":"binary-expr","locations":[{"start":{"line":78,"column":11},"end":{"line":78,"column":null}},{"start":{"line":79,"column":12},"end":{"line":79,"column":null}}],"line":78},"6":{"loc":{"start":{"line":87,"column":32},"end":{"line":87,"column":null}},"type":"cond-expr","locations":[{"start":{"line":87,"column":47},"end":{"line":87,"column":57}},{"start":{"line":87,"column":57},"end":{"line":87,"column":null}}],"line":87},"7":{"loc":{"start":{"line":91,"column":11},"end":{"line":92,"column":null}},"type":"binary-expr","locations":[{"start":{"line":91,"column":11},"end":{"line":91,"column":null}},{"start":{"line":92,"column":12},"end":{"line":92,"column":null}}],"line":91},"8":{"loc":{"start":{"line":100,"column":33},"end":{"line":100,"column":null}},"type":"cond-expr","locations":[{"start":{"line":100,"column":49},"end":{"line":100,"column":59}},{"start":{"line":100,"column":59},"end":{"line":100,"column":null}}],"line":100},"9":{"loc":{"start":{"line":108,"column":11},"end":{"line":109,"column":null}},"type":"binary-expr","locations":[{"start":{"line":108,"column":11},"end":{"line":108,"column":null}},{"start":{"line":109,"column":12},"end":{"line":109,"column":null}}],"line":108},"10":{"loc":{"start":{"line":117,"column":32},"end":{"line":117,"column":null}},"type":"cond-expr","locations":[{"start":{"line":117,"column":49},"end":{"line":117,"column":59}},{"start":{"line":117,"column":59},"end":{"line":117,"column":null}}],"line":117},"11":{"loc":{"start":{"line":126,"column":11},"end":{"line":127,"column":null}},"type":"binary-expr","locations":[{"start":{"line":126,"column":11},"end":{"line":126,"column":null}},{"start":{"line":127,"column":12},"end":{"line":127,"column":null}}],"line":126},"12":{"loc":{"start":{"line":142,"column":11},"end":{"line":145,"column":null}},"type":"binary-expr","locations":[{"start":{"line":142,"column":11},"end":{"line":142,"column":null}},{"start":{"line":143,"column":12},"end":{"line":145,"column":null}}],"line":142},"13":{"loc":{"start":{"line":153,"column":32},"end":{"line":153,"column":null}},"type":"cond-expr","locations":[{"start":{"line":153,"column":50},"end":{"line":153,"column":60}},{"start":{"line":153,"column":60},"end":{"line":153,"column":null}}],"line":153},"14":{"loc":{"start":{"line":158,"column":11},"end":{"line":159,"column":null}},"type":"binary-expr","locations":[{"start":{"line":158,"column":11},"end":{"line":158,"column":null}},{"start":{"line":159,"column":12},"end":{"line":159,"column":null}}],"line":158},"15":{"loc":{"start":{"line":162,"column":17},"end":{"line":162,"column":48}},"type":"cond-expr","locations":[{"start":{"line":162,"column":38},"end":{"line":162,"column":44}},{"start":{"line":162,"column":44},"end":{"line":162,"column":48}}],"line":162},"16":{"loc":{"start":{"line":163,"column":17},"end":{"line":163,"column":51}},"type":"cond-expr","locations":[{"start":{"line":163,"column":41},"end":{"line":163,"column":47}},{"start":{"line":163,"column":47},"end":{"line":163,"column":51}}],"line":163},"17":{"loc":{"start":{"line":164,"column":17},"end":{"line":164,"column":51}},"type":"cond-expr","locations":[{"start":{"line":164,"column":41},"end":{"line":164,"column":47}},{"start":{"line":164,"column":47},"end":{"line":164,"column":51}}],"line":164},"18":{"loc":{"start":{"line":165,"column":17},"end":{"line":165,"column":49}},"type":"cond-expr","locations":[{"start":{"line":165,"column":39},"end":{"line":165,"column":45}},{"start":{"line":165,"column":45},"end":{"line":165,"column":49}}],"line":165},"19":{"loc":{"start":{"line":173,"column":32},"end":{"line":173,"column":null}},"type":"cond-expr","locations":[{"start":{"line":173,"column":57},"end":{"line":173,"column":67}},{"start":{"line":173,"column":67},"end":{"line":173,"column":null}}],"line":173},"20":{"loc":{"start":{"line":178,"column":11},"end":{"line":181,"column":null}},"type":"binary-expr","locations":[{"start":{"line":178,"column":11},"end":{"line":178,"column":null}},{"start":{"line":179,"column":12},"end":{"line":181,"column":null}}],"line":178},"21":{"loc":{"start":{"line":190,"column":11},"end":{"line":193,"column":null}},"type":"binary-expr","locations":[{"start":{"line":190,"column":11},"end":{"line":190,"column":null}},{"start":{"line":191,"column":12},"end":{"line":193,"column":null}}],"line":190}},"s":{"0":1,"1":30,"2":30,"3":30,"4":30,"5":91,"6":30,"7":91,"8":30,"9":1,"10":1,"11":0,"12":1,"13":1,"14":1,"15":1,"16":30,"17":180},"f":{"0":30,"1":91,"2":91,"3":1,"4":180},"b":{"0":[30,4],"1":[0,1],"2":[1,29],"3":[30,1],"4":[0,30],"5":[30,0],"6":[1,29],"7":[30,1],"8":[0,30],"9":[30,0],"10":[1,29],"11":[30,1],"12":[30,0],"13":[8,22],"14":[30,8],"15":[6,24],"16":[16,14],"17":[14,16],"18":[5,25],"19":[1,29],"20":[30,1],"21":[30,0]},"meta":{"lastBranch":22,"lastFunction":5,"lastStatement":18,"seen":{"s:13:13:204:Infinity":0,"f:13:13:13:30":0,"s:19:25:23:Infinity":1,"s:25:19:25:Infinity":2,"b:25:19:25:40:25:40:25:Infinity":0,"s:26:8:26:Infinity":3,"s:28:8:28:Infinity":4,"f:28:24:28:38":1,"s:28:48:28:67":5,"s:29:8:29:Infinity":6,"f:29:20:29:34":2,"s:29:44:29:59":7,"s:31:19:49:Infinity":8,"f:31:19:31:26":3,"s:32:17:32:Infinity":9,"b:33:4:35:Infinity:undefined:undefined:undefined:undefined":1,"s:33:4:35:Infinity":10,"s:34:6:34:Infinity":11,"s:36:24:36:Infinity":12,"s:37:4:46:Infinity":13,"s:47:4:47:Infinity":14,"s:48:4:48:Infinity":15,"s:51:2:202:Infinity":16,"b:59:50:59:60:59:60:59:Infinity":2,"b:63:11:63:Infinity:64:12:64:Infinity":3,"b:72:45:72:55:72:55:72:Infinity":4,"b:78:11:78:Infinity:79:12:79:Infinity":5,"b:87:47:87:57:87:57:87:Infinity":6,"b:91:11:91:Infinity:92:12:92:Infinity":7,"b:100:49:100:59:100:59:100:Infinity":8,"b:108:11:108:Infinity:109:12:109:Infinity":9,"b:117:49:117:59:117:59:117:Infinity":10,"f:122:23:122:28":4,"s:123:14:123:Infinity":17,"b:126:11:126:Infinity:127:12:127:Infinity":11,"b:142:11:142:Infinity:143:12:145:Infinity":12,"b:153:50:153:60:153:60:153:Infinity":13,"b:158:11:158:Infinity:159:12:159:Infinity":14,"b:162:38:162:44:162:44:162:48":15,"b:163:41:163:47:163:47:163:51":16,"b:164:41:164:47:164:47:164:51":17,"b:165:39:165:45:165:45:165:49":18,"b:173:57:173:67:173:67:173:Infinity":19,"b:178:11:178:Infinity:179:12:181:Infinity":20,"b:190:11:190:Infinity:191:12:193:Infinity":21}}}
,"D:\\Projects\\1-RS-school\\React\\react-class-components\\src\\forms\\UncontrolledForm.tsx": {"path":"D:\\Projects\\1-RS-school\\React\\react-class-components\\src\\forms\\UncontrolledForm.tsx","statementMap":{"0":{"start":{"line":11,"column":13},"end":{"line":215,"column":null}},"1":{"start":{"line":12,"column":8},"end":{"line":12,"column":null}},"2":{"start":{"line":13,"column":8},"end":{"line":13,"column":null}},"3":{"start":{"line":14,"column":8},"end":{"line":14,"column":null}},"4":{"start":{"line":15,"column":8},"end":{"line":15,"column":null}},"5":{"start":{"line":16,"column":8},"end":{"line":16,"column":null}},"6":{"start":{"line":17,"column":8},"end":{"line":17,"column":null}},"7":{"start":{"line":18,"column":8},"end":{"line":18,"column":null}},"8":{"start":{"line":19,"column":8},"end":{"line":19,"column":null}},"9":{"start":{"line":20,"column":8},"end":{"line":20,"column":null}},"10":{"start":{"line":21,"column":8},"end":{"line":21,"column":null}},"11":{"start":{"line":21,"column":44},"end":{"line":21,"column":59}},"12":{"start":{"line":22,"column":17},"end":{"line":22,"column":null}},"13":{"start":{"line":23,"column":19},"end":{"line":23,"column":null}},"14":{"start":{"line":24,"column":8},"end":{"line":24,"column":null}},"15":{"start":{"line":25,"column":8},"end":{"line":25,"column":null}},"16":{"start":{"line":25,"column":48},"end":{"line":25,"column":67}},"17":{"start":{"line":27,"column":23},"end":{"line":70,"column":null}},"18":{"start":{"line":28,"column":4},"end":{"line":28,"column":null}},"19":{"start":{"line":29,"column":17},"end":{"line":29,"column":null}},"20":{"start":{"line":30,"column":17},"end":{"line":40,"column":null}},"21":{"start":{"line":42,"column":19},"end":{"line":42,"column":null}},"22":{"start":{"line":43,"column":4},"end":{"line":46,"column":null}},"23":{"start":{"line":44,"column":6},"end":{"line":44,"column":null}},"24":{"start":{"line":45,"column":6},"end":{"line":45,"column":null}},"25":{"start":{"line":48,"column":17},"end":{"line":48,"column":null}},"26":{"start":{"line":49,"column":4},"end":{"line":51,"column":null}},"27":{"start":{"line":50,"column":6},"end":{"line":50,"column":null}},"28":{"start":{"line":53,"column":24},"end":{"line":53,"column":null}},"29":{"start":{"line":55,"column":4},"end":{"line":64,"column":null}},"30":{"start":{"line":66,"column":4},"end":{"line":66,"column":null}},"31":{"start":{"line":67,"column":4},"end":{"line":67,"column":null}},"32":{"start":{"line":68,"column":4},"end":{"line":68,"column":null}},"33":{"start":{"line":69,"column":4},"end":{"line":69,"column":null}},"34":{"start":{"line":72,"column":2},"end":{"line":213,"column":null}},"35":{"start":{"line":140,"column":14},"end":{"line":140,"column":null}},"36":{"start":{"line":172,"column":29},"end":{"line":172,"column":null}}},"fnMap":{"0":{"name":"(anonymous_0)","decl":{"start":{"line":11,"column":13},"end":{"line":11,"column":33}},"loc":{"start":{"line":11,"column":74},"end":{"line":215,"column":null}},"line":11},"1":{"name":"(anonymous_1)","decl":{"start":{"line":21,"column":20},"end":{"line":21,"column":34}},"loc":{"start":{"line":21,"column":44},"end":{"line":21,"column":59}},"line":21},"2":{"name":"(anonymous_2)","decl":{"start":{"line":25,"column":24},"end":{"line":25,"column":38}},"loc":{"start":{"line":25,"column":48},"end":{"line":25,"column":67}},"line":25},"3":{"name":"(anonymous_3)","decl":{"start":{"line":27,"column":23},"end":{"line":27,"column":30}},"loc":{"start":{"line":27,"column":74},"end":{"line":70,"column":null}},"line":27},"4":{"name":"(anonymous_4)","decl":{"start":{"line":139,"column":23},"end":{"line":139,"column":28}},"loc":{"start":{"line":140,"column":14},"end":{"line":140,"column":null}},"line":140},"5":{"name":"(anonymous_5)","decl":{"start":{"line":172,"column":12},"end":{"line":172,"column":23}},"loc":{"start":{"line":172,"column":29},"end":{"line":172,"column":null}},"line":172}},"branchMap":{"0":{"loc":{"start":{"line":31,"column":16},"end":{"line":31,"column":null}},"type":"binary-expr","locations":[{"start":{"line":31,"column":16},"end":{"line":31,"column":46}},{"start":{"line":31,"column":46},"end":{"line":31,"column":null}}],"line":31},"1":{"loc":{"start":{"line":32,"column":18},"end":{"line":32,"column":44}},"type":"binary-expr","locations":[{"start":{"line":32,"column":18},"end":{"line":32,"column":43}},{"start":{"line":32,"column":43},"end":{"line":32,"column":44}}],"line":32},"2":{"loc":{"start":{"line":33,"column":13},"end":{"line":33,"column":null}},"type":"binary-expr","locations":[{"start":{"line":33,"column":13},"end":{"line":33,"column":40}},{"start":{"line":33,"column":40},"end":{"line":33,"column":null}}],"line":33},"3":{"loc":{"start":{"line":34,"column":14},"end":{"line":34,"column":null}},"type":"binary-expr","locations":[{"start":{"line":34,"column":14},"end":{"line":34,"column":42}},{"start":{"line":34,"column":42},"end":{"line":34,"column":null}}],"line":34},"4":{"loc":{"start":{"line":35,"column":15},"end":{"line":35,"column":null}},"type":"binary-expr","locations":[{"start":{"line":35,"column":15},"end":{"line":35,"column":44}},{"start":{"line":35,"column":44},"end":{"line":35,"column":null}}],"line":35},"5":{"loc":{"start":{"line":37,"column":13},"end":{"line":37,"column":null}},"type":"binary-expr","locations":[{"start":{"line":37,"column":13},"end":{"line":37,"column":42}},{"start":{"line":37,"column":42},"end":{"line":37,"column":null}}],"line":37},"6":{"loc":{"start":{"line":38,"column":16},"end":{"line":38,"column":null}},"type":"binary-expr","locations":[{"start":{"line":38,"column":16},"end":{"line":38,"column":46}},{"start":{"line":38,"column":46},"end":{"line":38,"column":null}}],"line":38},"7":{"loc":{"start":{"line":39,"column":23},"end":{"line":39,"column":null}},"type":"binary-expr","locations":[{"start":{"line":39,"column":23},"end":{"line":39,"column":60}},{"start":{"line":39,"column":60},"end":{"line":39,"column":null}}],"line":39},"8":{"loc":{"start":{"line":43,"column":4},"end":{"line":46,"column":null}},"type":"if","locations":[{"start":{"line":43,"column":4},"end":{"line":46,"column":null}},{"start":{},"end":{}}],"line":43},"9":{"loc":{"start":{"line":49,"column":4},"end":{"line":51,"column":null}},"type":"if","locations":[{"start":{"line":49,"column":4},"end":{"line":51,"column":null}},{"start":{},"end":{}}],"line":49},"10":{"loc":{"start":{"line":80,"column":32},"end":{"line":80,"column":null}},"type":"cond-expr","locations":[{"start":{"line":80,"column":50},"end":{"line":80,"column":60}},{"start":{"line":80,"column":60},"end":{"line":80,"column":null}}],"line":80},"11":{"loc":{"start":{"line":84,"column":11},"end":{"line":85,"column":null}},"type":"binary-expr","locations":[{"start":{"line":84,"column":11},"end":{"line":84,"column":null}},{"start":{"line":85,"column":12},"end":{"line":85,"column":null}}],"line":84},"12":{"loc":{"start":{"line":93,"column":32},"end":{"line":93,"column":null}},"type":"cond-expr","locations":[{"start":{"line":93,"column":45},"end":{"line":93,"column":55}},{"start":{"line":93,"column":55},"end":{"line":93,"column":null}}],"line":93},"13":{"loc":{"start":{"line":97,"column":11},"end":{"line":97,"column":null}},"type":"binary-expr","locations":[{"start":{"line":97,"column":11},"end":{"line":97,"column":25}},{"start":{"line":97,"column":25},"end":{"line":97,"column":null}}],"line":97},"14":{"loc":{"start":{"line":104,"column":32},"end":{"line":104,"column":null}},"type":"cond-expr","locations":[{"start":{"line":104,"column":47},"end":{"line":104,"column":57}},{"start":{"line":104,"column":57},"end":{"line":104,"column":null}}],"line":104},"15":{"loc":{"start":{"line":108,"column":11},"end":{"line":109,"column":null}},"type":"binary-expr","locations":[{"start":{"line":108,"column":11},"end":{"line":108,"column":null}},{"start":{"line":109,"column":12},"end":{"line":109,"column":null}}],"line":108},"16":{"loc":{"start":{"line":117,"column":33},"end":{"line":117,"column":null}},"type":"cond-expr","locations":[{"start":{"line":117,"column":49},"end":{"line":117,"column":59}},{"start":{"line":117,"column":59},"end":{"line":117,"column":null}}],"line":117},"17":{"loc":{"start":{"line":125,"column":11},"end":{"line":126,"column":null}},"type":"binary-expr","locations":[{"start":{"line":125,"column":11},"end":{"line":125,"column":null}},{"start":{"line":126,"column":12},"end":{"line":126,"column":null}}],"line":125},"18":{"loc":{"start":{"line":134,"column":32},"end":{"line":134,"column":null}},"type":"cond-expr","locations":[{"start":{"line":134,"column":49},"end":{"line":134,"column":59}},{"start":{"line":134,"column":59},"end":{"line":134,"column":null}}],"line":134},"19":{"loc":{"start":{"line":143,"column":11},"end":{"line":144,"column":null}},"type":"binary-expr","locations":[{"start":{"line":143,"column":11},"end":{"line":143,"column":null}},{"start":{"line":144,"column":12},"end":{"line":144,"column":null}}],"line":143},"20":{"loc":{"start":{"line":159,"column":11},"end":{"line":160,"column":null}},"type":"binary-expr","locations":[{"start":{"line":159,"column":11},"end":{"line":159,"column":null}},{"start":{"line":160,"column":12},"end":{"line":160,"column":null}}],"line":159},"21":{"loc":{"start":{"line":168,"column":32},"end":{"line":168,"column":null}},"type":"cond-expr","locations":[{"start":{"line":168,"column":50},"end":{"line":168,"column":60}},{"start":{"line":168,"column":60},"end":{"line":168,"column":null}}],"line":168},"22":{"loc":{"start":{"line":174,"column":11},"end":{"line":175,"column":null}},"type":"binary-expr","locations":[{"start":{"line":174,"column":11},"end":{"line":174,"column":null}},{"start":{"line":175,"column":12},"end":{"line":175,"column":null}}],"line":174},"23":{"loc":{"start":{"line":178,"column":17},"end":{"line":178,"column":48}},"type":"cond-expr","locations":[{"start":{"line":178,"column":38},"end":{"line":178,"column":44}},{"start":{"line":178,"column":44},"end":{"line":178,"column":48}}],"line":178},"24":{"loc":{"start":{"line":179,"column":17},"end":{"line":179,"column":51}},"type":"cond-expr","locations":[{"start":{"line":179,"column":41},"end":{"line":179,"column":47}},{"start":{"line":179,"column":47},"end":{"line":179,"column":51}}],"line":179},"25":{"loc":{"start":{"line":180,"column":17},"end":{"line":180,"column":51}},"type":"cond-expr","locations":[{"start":{"line":180,"column":41},"end":{"line":180,"column":47}},{"start":{"line":180,"column":47},"end":{"line":180,"column":51}}],"line":180},"26":{"loc":{"start":{"line":181,"column":17},"end":{"line":181,"column":49}},"type":"cond-expr","locations":[{"start":{"line":181,"column":39},"end":{"line":181,"column":45}},{"start":{"line":181,"column":45},"end":{"line":181,"column":49}}],"line":181},"27":{"loc":{"start":{"line":189,"column":32},"end":{"line":189,"column":null}},"type":"cond-expr","locations":[{"start":{"line":189,"column":57},"end":{"line":189,"column":67}},{"start":{"line":189,"column":67},"end":{"line":189,"column":null}}],"line":189},"28":{"loc":{"start":{"line":194,"column":11},"end":{"line":195,"column":null}},"type":"binary-expr","locations":[{"start":{"line":194,"column":11},"end":{"line":194,"column":null}},{"start":{"line":195,"column":12},"end":{"line":195,"column":null}}],"line":194},"29":{"loc":{"start":{"line":204,"column":11},"end":{"line":207,"column":null}},"type":"binary-expr","locations":[{"start":{"line":204,"column":11},"end":{"line":204,"column":null}},{"start":{"line":205,"column":12},"end":{"line":207,"column":null}}],"line":204}},"s":{"0":1,"1":2,"2":2,"3":2,"4":2,"5":2,"6":2,"7":2,"8":2,"9":2,"10":2,"11":6,"12":2,"13":2,"14":2,"15":2,"16":6,"17":2,"18":0,"19":0,"20":0,"21":0,"22":0,"23":0,"24":0,"25":0,"26":0,"27":0,"28":0,"29":0,"30":0,"31":0,"32":0,"33":0,"34":2,"35":12,"36":0},"f":{"0":2,"1":6,"2":6,"3":0,"4":12,"5":0},"b":{"0":[0,0],"1":[0,0],"2":[0,0],"3":[0,0],"4":[0,0],"5":[0,0],"6":[0,0],"7":[0,0],"8":[0,0],"9":[0,0],"10":[0,2],"11":[2,0],"12":[0,2],"13":[2,0],"14":[0,2],"15":[2,0],"16":[0,2],"17":[2,0],"18":[0,2],"19":[2,0],"20":[2,0],"21":[0,2],"22":[2,0],"23":[0,2],"24":[0,2],"25":[0,2],"26":[0,2],"27":[0,2],"28":[2,0],"29":[2,0]},"meta":{"lastBranch":30,"lastFunction":6,"lastStatement":37,"seen":{"s:11:13:215:Infinity":0,"f:11:13:11:33":0,"s:12:8:12:Infinity":1,"s:13:8:13:Infinity":2,"s:14:8:14:Infinity":3,"s:15:8:15:Infinity":4,"s:16:8:16:Infinity":5,"s:17:8:17:Infinity":6,"s:18:8:18:Infinity":7,"s:19:8:19:Infinity":8,"s:20:8:20:Infinity":9,"s:21:8:21:Infinity":10,"f:21:20:21:34":1,"s:21:44:21:59":11,"s:22:17:22:Infinity":12,"s:23:19:23:Infinity":13,"s:24:8:24:Infinity":14,"s:25:8:25:Infinity":15,"f:25:24:25:38":2,"s:25:48:25:67":16,"s:27:23:70:Infinity":17,"f:27:23:27:30":3,"s:28:4:28:Infinity":18,"s:29:17:29:Infinity":19,"s:30:17:40:Infinity":20,"b:31:16:31:46:31:46:31:Infinity":0,"b:32:18:32:43:32:43:32:44":1,"b:33:13:33:40:33:40:33:Infinity":2,"b:34:14:34:42:34:42:34:Infinity":3,"b:35:15:35:44:35:44:35:Infinity":4,"b:37:13:37:42:37:42:37:Infinity":5,"b:38:16:38:46:38:46:38:Infinity":6,"b:39:23:39:60:39:60:39:Infinity":7,"s:42:19:42:Infinity":21,"b:43:4:46:Infinity:undefined:undefined:undefined:undefined":8,"s:43:4:46:Infinity":22,"s:44:6:44:Infinity":23,"s:45:6:45:Infinity":24,"s:48:17:48:Infinity":25,"b:49:4:51:Infinity:undefined:undefined:undefined:undefined":9,"s:49:4:51:Infinity":26,"s:50:6:50:Infinity":27,"s:53:24:53:Infinity":28,"s:55:4:64:Infinity":29,"s:66:4:66:Infinity":30,"s:67:4:67:Infinity":31,"s:68:4:68:Infinity":32,"s:69:4:69:Infinity":33,"s:72:2:213:Infinity":34,"b:80:50:80:60:80:60:80:Infinity":10,"b:84:11:84:Infinity:85:12:85:Infinity":11,"b:93:45:93:55:93:55:93:Infinity":12,"b:97:11:97:25:97:25:97:Infinity":13,"b:104:47:104:57:104:57:104:Infinity":14,"b:108:11:108:Infinity:109:12:109:Infinity":15,"b:117:49:117:59:117:59:117:Infinity":16,"b:125:11:125:Infinity:126:12:126:Infinity":17,"b:134:49:134:59:134:59:134:Infinity":18,"f:139:23:139:28":4,"s:140:14:140:Infinity":35,"b:143:11:143:Infinity:144:12:144:Infinity":19,"b:159:11:159:Infinity:160:12:160:Infinity":20,"b:168:50:168:60:168:60:168:Infinity":21,"f:172:12:172:23":5,"s:172:29:172:Infinity":36,"b:174:11:174:Infinity:175:12:175:Infinity":22,"b:178:38:178:44:178:44:178:48":23,"b:179:41:179:47:179:47:179:51":24,"b:180:41:180:47:180:47:180:51":25,"b:181:39:181:45:181:45:181:49":26,"b:189:57:189:67:189:67:189:Infinity":27,"b:194:11:194:Infinity:195:12:195:Infinity":28,"b:204:11:204:Infinity:205:12:207:Infinity":29}}}
,"D:\\Projects\\1-RS-school\\React\\react-class-components\\src\\schemas\\formSchema.ts": {"path":"D:\\Projects\\1-RS-school\\React\\react-class-components\\src\\schemas\\formSchema.ts","statementMap":{"0":{"start":{"line":3,"column":39},"end":{"line":3,"column":null}},"1":{"start":{"line":5,"column":26},"end":{"line":66,"column":null}},"2":{"start":{"line":11,"column":19},"end":{"line":11,"column":null}},"3":{"start":{"line":18,"column":20},"end":{"line":18,"column":null}},"4":{"start":{"line":19,"column":6},"end":{"line":21,"column":null}},"5":{"start":{"line":20,"column":8},"end":{"line":20,"column":null}},"6":{"start":{"line":22,"column":30},"end":{"line":22,"column":null}},"7":{"start":{"line":23,"column":6},"end":{"line":25,"column":null}},"8":{"start":{"line":24,"column":8},"end":{"line":24,"column":null}},"9":{"start":{"line":26,"column":6},"end":{"line":28,"column":null}},"10":{"start":{"line":27,"column":8},"end":{"line":27,"column":null}},"11":{"start":{"line":29,"column":6},"end":{"line":29,"column":null}},"12":{"start":{"line":38,"column":19},"end":{"line":38,"column":null}},"13":{"start":{"line":44,"column":25},"end":{"line":44,"column":46}},"14":{"start":{"line":47,"column":10},"end":{"line":47,"column":null}},"15":{"start":{"line":51,"column":19},"end":{"line":51,"column":null}},"16":{"start":{"line":55,"column":41},"end":{"line":55,"column":57}},"17":{"start":{"line":63,"column":20},"end":{"line":63,"column":60}}},"fnMap":{"0":{"name":"(anonymous_0)","decl":{"start":{"line":10,"column":7},"end":{"line":10,"column":null}},"loc":{"start":{"line":11,"column":19},"end":{"line":11,"column":null}},"line":11},"1":{"name":"(anonymous_1)","decl":{"start":{"line":17,"column":22},"end":{"line":17,"column":30}},"loc":{"start":{"line":17,"column":40},"end":{"line":30,"column":7}},"line":17},"2":{"name":"(anonymous_2)","decl":{"start":{"line":37,"column":7},"end":{"line":37,"column":null}},"loc":{"start":{"line":38,"column":19},"end":{"line":38,"column":null}},"line":38},"3":{"name":"(anonymous_3)","decl":{"start":{"line":44,"column":7},"end":{"line":44,"column":15}},"loc":{"start":{"line":44,"column":25},"end":{"line":44,"column":46}},"line":44},"4":{"name":"(anonymous_4)","decl":{"start":{"line":45,"column":7},"end":{"line":45,"column":null}},"loc":{"start":{"line":47,"column":10},"end":{"line":47,"column":null}},"line":47},"5":{"name":"(anonymous_5)","decl":{"start":{"line":50,"column":7},"end":{"line":50,"column":null}},"loc":{"start":{"line":51,"column":19},"end":{"line":51,"column":null}},"line":51},"6":{"name":"(anonymous_6)","decl":{"start":{"line":55,"column":23},"end":{"line":55,"column":31}},"loc":{"start":{"line":55,"column":41},"end":{"line":55,"column":57}},"line":55},"7":{"name":"(anonymous_7)","decl":{"start":{"line":63,"column":3},"end":{"line":63,"column":11}},"loc":{"start":{"line":63,"column":20},"end":{"line":63,"column":60}},"line":63}},"branchMap":{"0":{"loc":{"start":{"line":11,"column":19},"end":{"line":11,"column":null}},"type":"binary-expr","locations":[{"start":{"line":11,"column":19},"end":{"line":11,"column":39}},{"start":{"line":11,"column":39},"end":{"line":11,"column":null}}],"line":11},"1":{"loc":{"start":{"line":19,"column":6},"end":{"line":21,"column":null}},"type":"if","locations":[{"start":{"line":19,"column":6},"end":{"line":21,"column":null}},{"start":{},"end":{}}],"line":19},"2":{"loc":{"start":{"line":23,"column":6},"end":{"line":25,"column":null}},"type":"if","locations":[{"start":{"line":23,"column":6},"end":{"line":25,"column":null}},{"start":{},"end":{}}],"line":23},"3":{"loc":{"start":{"line":26,"column":6},"end":{"line":28,"column":null}},"type":"if","locations":[{"start":{"line":26,"column":6},"end":{"line":28,"column":null}},{"start":{},"end":{}}],"line":26},"4":{"loc":{"start":{"line":47,"column":10},"end":{"line":47,"column":null}},"type":"binary-expr","locations":[{"start":{"line":47,"column":10},"end":{"line":47,"column":25}},{"start":{"line":47,"column":25},"end":{"line":47,"column":null}}],"line":47},"5":{"loc":{"start":{"line":51,"column":19},"end":{"line":51,"column":null}},"type":"binary-expr","locations":[{"start":{"line":51,"column":19},"end":{"line":51,"column":34}},{"start":{"line":51,"column":34},"end":{"line":51,"column":null}}],"line":51}},"s":{"0":3,"1":3,"2":71,"3":71,"4":71,"5":21,"6":50,"7":50,"8":0,"9":50,"10":5,"11":45,"12":71,"13":71,"14":71,"15":71,"16":71,"17":42},"f":{"0":71,"1":71,"2":71,"3":71,"4":71,"5":71,"6":71,"7":42},"b":{"0":[71,67],"1":[21,50],"2":[0,50],"3":[5,45],"4":[71,7],"5":[71,7]},"meta":{"lastBranch":6,"lastFunction":8,"lastStatement":18,"seen":{"s:3:39:3:Infinity":0,"s:5:26:66:Infinity":1,"f:10:7:10:Infinity":0,"s:11:19:11:Infinity":2,"b:11:19:11:39:11:39:11:Infinity":0,"f:17:22:17:30":1,"s:18:20:18:Infinity":3,"b:19:6:21:Infinity:undefined:undefined:undefined:undefined":1,"s:19:6:21:Infinity":4,"s:20:8:20:Infinity":5,"s:22:30:22:Infinity":6,"b:23:6:25:Infinity:undefined:undefined:undefined:undefined":2,"s:23:6:25:Infinity":7,"s:24:8:24:Infinity":8,"b:26:6:28:Infinity:undefined:undefined:undefined:undefined":3,"s:26:6:28:Infinity":9,"s:27:8:27:Infinity":10,"s:29:6:29:Infinity":11,"f:37:7:37:Infinity":2,"s:38:19:38:Infinity":12,"f:44:7:44:15":3,"s:44:25:44:46":13,"f:45:7:45:Infinity":4,"s:47:10:47:Infinity":14,"b:47:10:47:25:47:25:47:Infinity":4,"f:50:7:50:Infinity":5,"s:51:19:51:Infinity":15,"b:51:19:51:34:51:34:51:Infinity":5,"f:55:23:55:31":6,"s:55:41:55:57":16,"f:63:3:63:11":7,"s:63:20:63:60":17}}}
,"D:\\Projects\\1-RS-school\\React\\react-class-components\\src\\store\\formStore.ts": {"path":"D:\\Projects\\1-RS-school\\React\\react-class-components\\src\\store\\formStore.ts","statementMap":{"0":{"start":{"line":11,"column":13},"end":{"line":18,"column":null}},"1":{"start":{"line":11,"column":56},"end":{"line":18,"column":2}},"2":{"start":{"line":15,"column":4},"end":{"line":17,"column":null}},"3":{"start":{"line":15,"column":20},"end":{"line":17,"column":6}}},"fnMap":{"0":{"name":"(anonymous_0)","decl":{"start":{"line":11,"column":28},"end":{"line":11,"column":47}},"loc":{"start":{"line":11,"column":56},"end":{"line":18,"column":2}},"line":11},"1":{"name":"(anonymous_1)","decl":{"start":{"line":14,"column":2},"end":{"line":14,"column":18}},"loc":{"start":{"line":15,"column":4},"end":{"line":17,"column":null}},"line":15},"2":{"name":"(anonymous_2)","decl":{"start":{"line":15,"column":4},"end":{"line":15,"column":9}},"loc":{"start":{"line":15,"column":20},"end":{"line":17,"column":6}},"line":15}},"branchMap":{},"s":{"0":3,"1":3,"2":3,"3":3},"f":{"0":3,"1":3,"2":3},"b":{},"meta":{"lastBranch":0,"lastFunction":3,"lastStatement":4,"seen":{"s:11:13:18:Infinity":0,"f:11:28:11:47":0,"s:11:56:18:2":1,"f:14:2:14:18":1,"s:15:4:17:Infinity":2,"f:15:4:15:9":2,"s:15:20:17:6":3}}}
,"D:\\Projects\\1-RS-school\\React\\react-class-components\\src\\utils\\fileToBase64.ts": {"path":"D:\\Projects\\1-RS-school\\React\\react-class-components\\src\\utils\\fileToBase64.ts","statementMap":{"0":{"start":{"line":1,"column":13},"end":{"line":12,"column":null}},"1":{"start":{"line":2,"column":2},"end":{"line":12,"column":null}},"2":{"start":{"line":3,"column":19},"end":{"line":3,"column":null}},"3":{"start":{"line":5,"column":4},"end":{"line":5,"column":null}},"4":{"start":{"line":7,"column":4},"end":{"line":9,"column":null}},"5":{"start":{"line":8,"column":6},"end":{"line":8,"column":null}},"6":{"start":{"line":11,"column":4},"end":{"line":11,"column":null}}},"fnMap":{"0":{"name":"(anonymous_0)","decl":{"start":{"line":1,"column":13},"end":{"line":1,"column":29}},"loc":{"start":{"line":2,"column":2},"end":{"line":12,"column":null}},"line":2},"1":{"name":"(anonymous_1)","decl":{"start":{"line":2,"column":6},"end":{"line":2,"column":15}},"loc":{"start":{"line":2,"column":35},"end":{"line":12,"column":3}},"line":2},"2":{"name":"(anonymous_2)","decl":{"start":{"line":7,"column":11},"end":{"line":7,"column":26}},"loc":{"start":{"line":7,"column":26},"end":{"line":9,"column":null}},"line":7}},"branchMap":{},"s":{"0":3,"1":2,"2":2,"3":2,"4":2,"5":2,"6":2},"f":{"0":2,"1":2,"2":2},"b":{},"meta":{"lastBranch":0,"lastFunction":3,"lastStatement":7,"seen":{"s:1:13:12:Infinity":0,"f:1:13:1:29":0,"s:2:2:12:Infinity":1,"f:2:6:2:15":1,"s:3:19:3:Infinity":2,"s:5:4:5:Infinity":3,"s:7:4:9:Infinity":4,"f:7:11:7:26":2,"s:8:6:8:Infinity":5,"s:11:4:11:Infinity":6}}}
,"D:\\Projects\\1-RS-school\\React\\react-class-components\\src\\utils\\passwordStrength.ts": {"path":"D:\\Projects\\1-RS-school\\React\\react-class-components\\src\\utils\\passwordStrength.ts","statementMap":{"0":{"start":{"line":1,"column":13},"end":{"line":8,"column":null}},"1":{"start":{"line":2,"column":2},"end":{"line":7,"column":null}}},"fnMap":{"0":{"name":"(anonymous_0)","decl":{"start":{"line":1,"column":13},"end":{"line":1,"column":36}},"loc":{"start":{"line":1,"column":57},"end":{"line":8,"column":null}},"line":1}},"branchMap":{},"s":{"0":3,"1":35},"f":{"0":35},"b":{},"meta":{"lastBranch":0,"lastFunction":1,"lastStatement":2,"seen":{"s:1:13:8:Infinity":0,"f:1:13:1:36":0,"s:2:2:7:Infinity":1}}}
}
